0 info it worked if it ends with ok
1 verbose cli [ '/usr/bin/node', '/usr/bin/npm', 'install', '-g' ]
2 info using npm@1.4.28
3 info using node@v0.10.33
4 verbose node symlink /usr/bin/node
5 verbose cache add [ '.', null ]
6 verbose cache add name=undefined spec="." args=[".",null]
7 verbose parsed url { protocol: null,
7 verbose parsed url   slashes: null,
7 verbose parsed url   auth: null,
7 verbose parsed url   host: null,
7 verbose parsed url   port: null,
7 verbose parsed url   hostname: null,
7 verbose parsed url   hash: null,
7 verbose parsed url   search: null,
7 verbose parsed url   query: null,
7 verbose parsed url   pathname: '.',
7 verbose parsed url   path: '.',
7 verbose parsed url   href: '.' }
8 silly lockFile 3a52ce78- .
9 verbose lock . /home/danilo/.npm/3a52ce78-.lock
10 silly lockFile 3a52ce78- .
11 silly lockFile 3a52ce78- .
12 error addLocal Could not install .
13 error Failed to parse json
13 error Unexpected token /
14 error File: package.json
15 error Failed to parse package.json data.
15 error package.json must be actual JSON, not just JavaScript.
15 error
15 error This is not a bug in npm.
15 error Tell the package author to fix their package.json file. JSON.parse
16 error System Linux 3.13.0-32-generic
17 error command "/usr/bin/node" "/usr/bin/npm" "install" "-g"
18 error cwd /home/danilo/Projects/Stripes
19 error node -v v0.10.33
20 error npm -v 1.4.28
21 error file package.json
22 error code EJSONPARSE
23 verbose exit [ 1, true ]
